[2021/02/05 20:11:03.994] - eth_blockNumber
[2021/02/05 20:11:04.007] - net_version
[2021/02/05 20:11:04.020] - eth_accounts
[2021/02/05 20:11:04.067] - eth_blockNumber
[2021/02/05 20:11:04.083] - net_version
[2021/02/05 20:11:04.197] - eth_accounts
[2021/02/05 20:11:06.539] - eth_getBlockByNumber
[2021/02/05 20:11:06.551] - eth_accounts
[2021/02/05 20:11:06.571] - eth_getBlockByNumber
[2021/02/05 20:11:06.581] - eth_getBlockByNumber
[2021/02/05 20:11:06.598] - eth_getBlockByNumber
[2021/02/05 20:11:06.616] - eth_estimateGas
[2021/02/05 20:11:08.570] - eth_getBlockByNumber
[2021/02/05 20:11:08.571] - eth_blockNumber
[2021/02/05 20:11:08.575] - eth_sendTransaction
[2021/02/05 20:11:08.720] - 
[2021/02/05 20:11:08.720] -   Transaction: 0x825b9aa8d830df6b9f29d7042e91ccffb4ac9a15ef462d00eef980dfa1967eda
[2021/02/05 20:11:08.721] -   Contract created: 0xbdc4757b01093800fe760b8d2c39a5c92458fc62
[2021/02/05 20:11:08.721] -   Gas usage: 188483
[2021/02/05 20:11:08.722] -   Block Number: 28
[2021/02/05 20:11:08.722] -   Block Time: Fri Feb 05 2021 20:11:08 GMT+0100 (Ora standard dell’Europa centrale)
[2021/02/05 20:11:08.723] - 
[2021/02/05 20:11:08.724] - eth_getBlockByNumber
[2021/02/05 20:11:08.724] - eth_getTransactionReceipt
[2021/02/05 20:11:08.727] - eth_getBalance
[2021/02/05 20:11:08.731] - eth_getTransactionCount
[2021/02/05 20:11:08.733] - eth_getCode
[2021/02/05 20:11:08.733] - eth_getBalance
[2021/02/05 20:11:08.736] - eth_getTransactionCount
[2021/02/05 20:11:08.739] - eth_getBlockByNumber
[2021/02/05 20:11:08.740] - eth_getBalance
[2021/02/05 20:11:08.742] - eth_getTransactionCount
[2021/02/05 20:11:08.743] - eth_getBlockByNumber
[2021/02/05 20:11:08.747] - eth_getBalance
[2021/02/05 20:11:08.748] - eth_sendTransaction
[2021/02/05 20:11:08.749] - eth_getTransactionCount
[2021/02/05 20:11:08.754] - eth_getBalance
[2021/02/05 20:11:08.754] - eth_getTransactionCount
[2021/02/05 20:11:08.757] - eth_getBalance
[2021/02/05 20:11:08.759] - eth_getTransactionCount
[2021/02/05 20:11:08.762] - eth_getBalance
[2021/02/05 20:11:08.765] - eth_getTransactionCount
[2021/02/05 20:11:08.768] - eth_getBalance
[2021/02/05 20:11:08.770] - eth_getTransactionCount
[2021/02/05 20:11:08.774] - eth_getBalance
[2021/02/05 20:11:08.776] - eth_getTransactionCount
[2021/02/05 20:11:08.779] - eth_getBalance
[2021/02/05 20:11:08.783] - eth_getTransactionCount
[2021/02/05 20:11:08.876] - 
[2021/02/05 20:11:08.877] -   Transaction: 0x0f6db0908cacc11e3bc0b209837174c20ab13637acf33d464c6a3b836d4460ee
[2021/02/05 20:11:08.877] -   Gas usage: 42001
[2021/02/05 20:11:08.878] -   Block Number: 29
[2021/02/05 20:11:08.878] -   Block Time: Fri Feb 05 2021 20:11:08 GMT+0100 (Ora standard dell’Europa centrale)
[2021/02/05 20:11:08.879] - 
[2021/02/05 20:11:08.880] - eth_getBlockByNumber
[2021/02/05 20:11:08.881] - eth_getTransactionReceipt
[2021/02/05 20:11:08.881] - eth_getBalance
[2021/02/05 20:11:08.884] - eth_getTransactionCount
[2021/02/05 20:11:08.888] - eth_getBalance
[2021/02/05 20:11:08.891] - eth_getTransactionCount
[2021/02/05 20:11:08.893] - eth_getBalance
[2021/02/05 20:11:08.897] - eth_getTransactionCount
[2021/02/05 20:11:08.899] - eth_getBalance
[2021/02/05 20:11:08.902] - eth_getTransactionCount
[2021/02/05 20:11:08.905] - eth_getBalance
[2021/02/05 20:11:08.908] - eth_getTransactionCount
[2021/02/05 20:11:08.911] - eth_getBalance
[2021/02/05 20:11:08.913] - eth_getTransactionCount
[2021/02/05 20:11:08.916] - eth_getBalance
[2021/02/05 20:11:08.918] - eth_getTransactionCount
[2021/02/05 20:11:08.922] - eth_getBalance
[2021/02/05 20:11:08.926] - eth_getTransactionCount
[2021/02/05 20:11:08.926] - eth_getBlockByNumber
[2021/02/05 20:11:08.928] - eth_getBalance
[2021/02/05 20:11:08.931] - eth_getTransactionCount
[2021/02/05 20:11:08.933] - eth_getBalance
[2021/02/05 20:11:08.936] - eth_getTransactionCount
[2021/02/05 20:11:09.114] - eth_accounts
[2021/02/05 20:11:09.171] - eth_getBlockByNumber
[2021/02/05 20:11:09.177] - eth_getBlockByNumber
[2021/02/05 20:11:09.194] - eth_getBlockByNumber
[2021/02/05 20:11:09.210] - eth_estimateGas
[2021/02/05 20:11:09.417] - eth_getBlockByNumber
[2021/02/05 20:11:09.417] - eth_blockNumber
[2021/02/05 20:11:09.431] - eth_sendTransaction
[2021/02/05 20:11:09.547] - 
[2021/02/05 20:11:09.548] -   Transaction: 0x9a10fd990fe9477b599ae3f39d1ddd473ec8187c80357adccdfc8683fdf88911
[2021/02/05 20:11:09.548] -   Contract created: 0x20159074d673db40db8af6be7c4906962f709463
[2021/02/05 20:11:09.549] -   Gas usage: 105974
[2021/02/05 20:11:09.549] -   Block Number: 30
[2021/02/05 20:11:09.550] -   Block Time: Fri Feb 05 2021 20:11:09 GMT+0100 (Ora standard dell’Europa centrale)
[2021/02/05 20:11:09.550] - 
[2021/02/05 20:11:09.551] - eth_getBlockByNumber
[2021/02/05 20:11:09.552] - eth_getTransactionReceipt
[2021/02/05 20:11:09.553] - eth_getBalance
[2021/02/05 20:11:09.556] - eth_getTransactionCount
[2021/02/05 20:11:09.558] - eth_getCode
[2021/02/05 20:11:09.560] - eth_getBalance
[2021/02/05 20:11:09.563] - eth_getTransactionCount
[2021/02/05 20:11:09.565] - eth_getBlockByNumber
[2021/02/05 20:11:09.566] - eth_getBalance
[2021/02/05 20:11:09.568] - eth_getTransactionCount
[2021/02/05 20:11:09.569] - eth_getBlockByNumber
[2021/02/05 20:11:09.570] - eth_getBalance
[2021/02/05 20:11:09.574] - eth_getTransactionCount
[2021/02/05 20:11:09.576] - eth_getBalance
[2021/02/05 20:11:09.578] - eth_getBlockByNumber
[2021/02/05 20:11:09.579] - eth_getTransactionCount
[2021/02/05 20:11:09.581] - eth_getBalance
[2021/02/05 20:11:09.585] - eth_getTransactionCount
[2021/02/05 20:11:09.587] - eth_getBalance
[2021/02/05 20:11:09.589] - eth_estimateGas
[2021/02/05 20:11:09.591] - eth_getTransactionCount
[2021/02/05 20:11:09.600] - eth_getBalance
[2021/02/05 20:11:09.601] - eth_getTransactionCount
[2021/02/05 20:11:09.602] - eth_getBalance
[2021/02/05 20:11:09.603] - eth_getTransactionCount
[2021/02/05 20:11:09.604] - eth_getBalance
[2021/02/05 20:11:09.605] - eth_getTransactionCount
[2021/02/05 20:11:09.748] - eth_getBlockByNumber
[2021/02/05 20:11:09.765] - eth_getBlockByNumber
[2021/02/05 20:11:09.766] - eth_blockNumber
[2021/02/05 20:11:09.857] - eth_getBlockByNumber
[2021/02/05 20:11:09.858] - eth_sendTransaction
[2021/02/05 20:11:09.935] - eth_getBlockByNumber
[2021/02/05 20:11:09.955] - 
[2021/02/05 20:11:09.955] -   Transaction: 0x0be3d4c671f04658570c46a01c71b038f3d6d438b7306babea5265cc04d4238e
[2021/02/05 20:11:09.956] -   Contract created: 0xa469b4f258b8a095679de8ed3539e2b0879d963c
[2021/02/05 20:11:09.956] -   Gas usage: 340697
[2021/02/05 20:11:09.957] -   Block Number: 31
[2021/02/05 20:11:09.957] -   Block Time: Fri Feb 05 2021 20:11:09 GMT+0100 (Ora standard dell’Europa centrale)
[2021/02/05 20:11:09.957] - 
[2021/02/05 20:11:09.961] - eth_getBlockByNumber
[2021/02/05 20:11:09.962] - eth_getTransactionReceipt
[2021/02/05 20:11:09.963] - eth_getBalance
[2021/02/05 20:11:09.964] - eth_getTransactionCount
[2021/02/05 20:11:09.965] - eth_getBlockByNumber
[2021/02/05 20:11:09.966] - eth_getBalance
[2021/02/05 20:11:09.967] - eth_getCode
[2021/02/05 20:11:09.969] - eth_getTransactionCount
[2021/02/05 20:11:09.971] - eth_getBalance
[2021/02/05 20:11:09.974] - eth_getTransactionCount
[2021/02/05 20:11:09.976] - eth_getBalance
[2021/02/05 20:11:09.978] - eth_getTransactionCount
[2021/02/05 20:11:09.981] - eth_getBalance
[2021/02/05 20:11:09.983] - eth_getTransactionCount
[2021/02/05 20:11:09.985] - eth_getBlockByNumber
[2021/02/05 20:11:09.986] - eth_getBalance
[2021/02/05 20:11:09.988] - eth_getTransactionCount
[2021/02/05 20:11:09.991] - eth_getBalance
[2021/02/05 20:11:09.993] - eth_getTransactionCount
[2021/02/05 20:11:09.995] - eth_getBalance
[2021/02/05 20:11:09.996] - eth_getBlockByNumber
[2021/02/05 20:11:09.997] - eth_getTransactionCount
[2021/02/05 20:11:10.000] - eth_getBalance
[2021/02/05 20:11:10.003] - eth_getTransactionCount
[2021/02/05 20:11:10.004] - eth_getBalance
[2021/02/05 20:11:10.007] - eth_getTransactionCount
[2021/02/05 20:11:10.007] - eth_sendTransaction
[2021/02/05 20:11:10.173] - 
[2021/02/05 20:11:10.174] -   Transaction: 0x8a457fe646176a3a6557ac89762b05c9c78f2aa2858d7bdbdd2aa2dff6ee063e
[2021/02/05 20:11:10.174] -   Gas usage: 27001
[2021/02/05 20:11:10.175] -   Block Number: 32
[2021/02/05 20:11:10.175] -   Block Time: Fri Feb 05 2021 20:11:10 GMT+0100 (Ora standard dell’Europa centrale)
[2021/02/05 20:11:10.175] - 
[2021/02/05 20:11:10.176] - eth_getBlockByNumber
[2021/02/05 20:11:10.177] - eth_getTransactionReceipt
[2021/02/05 20:11:10.178] - eth_getBalance
[2021/02/05 20:11:10.181] - eth_getTransactionCount
[2021/02/05 20:11:10.184] - eth_getBalance
[2021/02/05 20:11:10.186] - eth_getTransactionCount
[2021/02/05 20:11:10.189] - eth_getBalance
[2021/02/05 20:11:10.191] - eth_getTransactionCount
[2021/02/05 20:11:10.194] - eth_getBalance
[2021/02/05 20:11:10.196] - eth_getTransactionCount
[2021/02/05 20:11:10.199] - eth_getBalance
[2021/02/05 20:11:10.202] - eth_getTransactionCount
[2021/02/05 20:11:10.205] - eth_getBalance
[2021/02/05 20:11:10.207] - eth_getTransactionCount
[2021/02/05 20:11:10.210] - eth_getBalance
[2021/02/05 20:11:10.212] - eth_getTransactionCount
[2021/02/05 20:11:10.215] - eth_getBalance
[2021/02/05 20:11:10.218] - eth_getTransactionCount
[2021/02/05 20:11:10.219] - eth_getBalance
[2021/02/05 20:11:10.222] - eth_getTransactionCount
[2021/02/05 20:11:10.224] - eth_getBalance
[2021/02/05 20:11:10.226] - eth_getTransactionCount
[2021/02/05 20:11:13.168] - evm_snapshot
[2021/02/05 20:11:13.169] - eth_getBlockByNumber
[2021/02/05 20:11:13.170] - eth_getBlockByNumber
[2021/02/05 20:11:13.170] - eth_getBlockByNumber
[2021/02/05 20:11:13.171] - eth_getBlockByNumber
[2021/02/05 20:11:13.171] - eth_getBlockByNumber
[2021/02/05 20:11:13.172] - Saved snapshot #1
[2021/02/05 20:11:13.838] - net_version
[2021/02/05 20:11:13.839] - eth_getBlockByNumber
[2021/02/05 20:11:13.840] - eth_getBlockByNumber
[2021/02/05 20:11:13.840] - eth_getBlockByNumber
[2021/02/05 20:11:13.841] - eth_getBlockByNumber
[2021/02/05 20:11:13.841] - eth_getBlockByNumber
[2021/02/05 20:11:13.843] - eth_getBlockByNumber
[2021/02/05 20:11:13.869] - eth_getBlockByNumber
[2021/02/05 20:11:13.885] - net_version
[2021/02/05 20:11:13.901] - eth_getBlockByNumber
[2021/02/05 20:11:13.917] - eth_estimateGas
[2021/02/05 20:11:14.031] - net_version
[2021/02/05 20:11:14.031] - eth_blockNumber
[2021/02/05 20:11:14.033] - eth_getBlockByNumber
[2021/02/05 20:11:14.035] - eth_sendTransaction
[2021/02/05 20:11:14.125] - 
[2021/02/05 20:11:14.125] -   Transaction: 0x6e6620d0e6bb8be3f9c6467d260e4d90e8cc84161ed49939f07e6b9d216e24fe
[2021/02/05 20:11:14.126] -   Contract created: 0xc3c31fca5e5697f94a3a6dba0813810ef1f05cfc
[2021/02/05 20:11:14.126] -   Gas usage: 76590
[2021/02/05 20:11:14.127] -   Block Number: 33
[2021/02/05 20:11:14.127] -   Block Time: Fri Feb 05 2021 20:11:14 GMT+0100 (Ora standard dell’Europa centrale)
[2021/02/05 20:11:14.128] - 
[2021/02/05 20:11:14.129] - eth_getBlockByNumber
[2021/02/05 20:11:14.130] - eth_getTransactionReceipt
[2021/02/05 20:11:14.130] - eth_getBalance
[2021/02/05 20:11:14.132] - eth_getTransactionCount
[2021/02/05 20:11:14.133] - eth_getCode
[2021/02/05 20:11:14.134] - eth_getBalance
[2021/02/05 20:11:14.137] - eth_getTransactionCount
[2021/02/05 20:11:14.139] - net_version
[2021/02/05 20:11:14.140] - eth_getBalance
[2021/02/05 20:11:14.142] - eth_getTransactionCount
[2021/02/05 20:11:14.143] - eth_getBlockByNumber
[2021/02/05 20:11:14.145] - eth_getBalance
[2021/02/05 20:11:14.147] - eth_getTransactionCount
[2021/02/05 20:11:14.148] - eth_getBlockByNumber
[2021/02/05 20:11:14.149] - eth_getBalance
[2021/02/05 20:11:14.151] - eth_getTransactionCount
[2021/02/05 20:11:14.154] - net_version
[2021/02/05 20:11:14.155] - eth_getBalance
[2021/02/05 20:11:14.157] - eth_getTransactionCount
[2021/02/05 20:11:14.158] - eth_getBlockByNumber
[2021/02/05 20:11:14.159] - eth_getBalance
[2021/02/05 20:11:14.162] - eth_getTransactionCount
[2021/02/05 20:11:14.164] - eth_estimateGas
[2021/02/05 20:11:14.164] - eth_getBalance
[2021/02/05 20:11:14.166] - eth_getTransactionCount
[2021/02/05 20:11:14.169] - eth_getBalance
[2021/02/05 20:11:14.171] - eth_getBlockByNumber
[2021/02/05 20:11:14.171] - eth_getBlockByNumber
[2021/02/05 20:11:14.172] - eth_getBlockByNumber
[2021/02/05 20:11:14.172] - eth_getBlockByNumber
[2021/02/05 20:11:14.173] - eth_getBlockByNumber
[2021/02/05 20:11:14.174] - eth_getTransactionCount
[2021/02/05 20:11:14.175] - eth_getBalance
[2021/02/05 20:11:14.177] - eth_getTransactionCount
[2021/02/05 20:11:14.277] - net_version
[2021/02/05 20:11:14.278] - eth_blockNumber
[2021/02/05 20:11:14.292] - eth_getBlockByNumber
[2021/02/05 20:11:14.297] - eth_getBlockByNumber
[2021/02/05 20:11:14.298] - eth_getBlockByNumber
[2021/02/05 20:11:14.299] - eth_getBlockByNumber
[2021/02/05 20:11:14.300] - eth_getBlockByNumber
[2021/02/05 20:11:14.344] - eth_getBlockByNumber
[2021/02/05 20:11:14.391] - eth_sendTransaction
[2021/02/05 20:11:14.549] - 
[2021/02/05 20:11:14.550] -   Transaction: 0x2d78ff24ce0ad595ee8e8d20c923a415a689869add2ddfabb47961e43d69e071
[2021/02/05 20:11:14.550] -   Contract created: 0x77c7efab763d8c1fc53dce8a626881ca7717c532
[2021/02/05 20:11:14.551] -   Gas usage: 397265
[2021/02/05 20:11:14.551] -   Block Number: 34
[2021/02/05 20:11:14.552] -   Block Time: Fri Feb 05 2021 20:11:14 GMT+0100 (Ora standard dell’Europa centrale)
[2021/02/05 20:11:14.552] - 
[2021/02/05 20:11:14.555] - eth_getBlockByNumber
[2021/02/05 20:11:14.556] - eth_getTransactionReceipt
[2021/02/05 20:11:14.556] - eth_getBalance
[2021/02/05 20:11:14.557] - eth_getTransactionCount
[2021/02/05 20:11:14.560] - eth_getBalance
[2021/02/05 20:11:14.561] - eth_getCode
[2021/02/05 20:11:14.562] - eth_getTransactionCount
[2021/02/05 20:11:14.564] - eth_getBalance
[2021/02/05 20:11:14.566] - eth_getTransactionCount
[2021/02/05 20:11:14.568] - net_version
[2021/02/05 20:11:14.569] - eth_getBalance
[2021/02/05 20:11:14.570] - eth_getTransactionCount
[2021/02/05 20:11:14.573] - eth_getBalance
[2021/02/05 20:11:14.574] - eth_getBlockByNumber
[2021/02/05 20:11:14.575] - eth_getTransactionCount
[2021/02/05 20:11:14.578] - eth_getBalance
[2021/02/05 20:11:14.581] - eth_getBlockByNumber
[2021/02/05 20:11:14.581] - eth_getTransactionCount
[2021/02/05 20:11:14.583] - eth_getBalance
[2021/02/05 20:11:14.585] - net_version
[2021/02/05 20:11:14.586] - eth_getTransactionCount
[2021/02/05 20:11:14.588] - eth_getBalance
[2021/02/05 20:11:14.589] - eth_getBlockByNumber
[2021/02/05 20:11:14.591] - eth_getTransactionCount
[2021/02/05 20:11:14.593] - eth_getBalance
[2021/02/05 20:11:14.595] - eth_getTransactionCount
[2021/02/05 20:11:14.598] - eth_estimateGas
[2021/02/05 20:11:14.599] - eth_getBalance
[2021/02/05 20:11:14.600] - eth_getTransactionCount
[2021/02/05 20:11:14.761] - net_version
[2021/02/05 20:11:14.762] - eth_blockNumber
[2021/02/05 20:11:14.764] - eth_getBlockByNumber
[2021/02/05 20:11:14.771] - eth_sendTransaction
[2021/02/05 20:11:14.947] - 
[2021/02/05 20:11:14.947] -   Transaction: 0x94fe3dc8ec695885a51816e75748fbc49467bc8f5fefdb3ef3930d16bd0f171a
[2021/02/05 20:11:14.948] -   Contract created: 0xddc49bcfc9d1a0c6a35cbc867eefa618a6df0759
[2021/02/05 20:11:14.948] -   Gas usage: 1033803
[2021/02/05 20:11:14.949] -   Block Number: 35
[2021/02/05 20:11:14.949] -   Block Time: Fri Feb 05 2021 20:11:14 GMT+0100 (Ora standard dell’Europa centrale)
[2021/02/05 20:11:14.950] - 
[2021/02/05 20:11:14.953] - eth_getBlockByNumber
[2021/02/05 20:11:14.953] - eth_getTransactionReceipt
[2021/02/05 20:11:14.954] - eth_getBalance
[2021/02/05 20:11:14.955] - eth_getTransactionCount
[2021/02/05 20:11:14.956] - eth_getBalance
[2021/02/05 20:11:14.958] - eth_getTransactionCount
[2021/02/05 20:11:14.959] - eth_getCode
[2021/02/05 20:11:14.961] - eth_getBalance
[2021/02/05 20:11:14.963] - eth_getTransactionCount
[2021/02/05 20:11:14.965] - eth_getBalance
[2021/02/05 20:11:14.967] - net_version
[2021/02/05 20:11:14.968] - eth_getTransactionCount
[2021/02/05 20:11:14.970] - eth_getBalance
[2021/02/05 20:11:14.972] - eth_getTransactionCount
[2021/02/05 20:11:14.973] - eth_getBlockByNumber
[2021/02/05 20:11:14.974] - eth_getBalance
[2021/02/05 20:11:14.977] - eth_getTransactionCount
[2021/02/05 20:11:14.978] - eth_getBlockByNumber
[2021/02/05 20:11:14.980] - eth_getBalance
[2021/02/05 20:11:14.983] - eth_getTransactionCount
[2021/02/05 20:11:14.985] - net_version
[2021/02/05 20:11:14.986] - eth_getBalance
[2021/02/05 20:11:14.987] - eth_getTransactionCount
[2021/02/05 20:11:14.988] - eth_getBlockByNumber
[2021/02/05 20:11:14.990] - eth_getBalance
[2021/02/05 20:11:14.992] - eth_getTransactionCount
[2021/02/05 20:11:14.994] - eth_getBalance
[2021/02/05 20:11:14.996] - eth_estimateGas
[2021/02/05 20:11:14.997] - eth_getTransactionCount
[2021/02/05 20:11:15.145] - eth_getBlockByNumber
[2021/02/05 20:11:15.179] - eth_getBlockByNumber
[2021/02/05 20:11:15.179] - eth_getBlockByNumber
[2021/02/05 20:11:15.180] - eth_getBlockByNumber
[2021/02/05 20:11:15.181] - eth_getBlockByNumber
[2021/02/05 20:11:15.181] - eth_getBlockByNumber
[2021/02/05 20:11:15.187] - net_version
[2021/02/05 20:11:15.188] - eth_blockNumber
[2021/02/05 20:11:15.189] - eth_getBlockByNumber
[2021/02/05 20:11:15.190] - eth_getBlockByNumber
[2021/02/05 20:11:15.191] - eth_getBlockByNumber
[2021/02/05 20:11:15.193] - eth_getBlockByNumber
[2021/02/05 20:11:15.194] - eth_getBlockByNumber
[2021/02/05 20:11:15.196] - eth_getBlockByNumber
[2021/02/05 20:11:15.197] - eth_getBlockByNumber
[2021/02/05 20:11:15.258] - eth_sendTransaction
[2021/02/05 20:11:15.383] - 
[2021/02/05 20:11:15.383] -   Transaction: 0x10693e250d8e93be0ec8986a8395c32b31d67a88cf05f8d85b22b1f359703d84
[2021/02/05 20:11:15.384] -   Contract created: 0x0f6e4e6d55e277f027d558c21bff2e67c7115f72
[2021/02/05 20:11:15.384] -   Gas usage: 394518
[2021/02/05 20:11:15.385] -   Block Number: 36
[2021/02/05 20:11:15.385] -   Block Time: Fri Feb 05 2021 20:11:15 GMT+0100 (Ora standard dell’Europa centrale)
[2021/02/05 20:11:15.386] - 
[2021/02/05 20:11:15.386] - eth_getBlockByNumber
[2021/02/05 20:11:15.388] - eth_getTransactionReceipt
[2021/02/05 20:11:15.389] - eth_getBalance
[2021/02/05 20:11:15.391] - eth_getCode
[2021/02/05 20:11:15.392] - eth_getTransactionCount
[2021/02/05 20:11:15.395] - net_version
[2021/02/05 20:11:15.395] - eth_getBalance
[2021/02/05 20:11:15.397] - eth_getTransactionCount
[2021/02/05 20:11:15.398] - eth_getBlockByNumber
[2021/02/05 20:11:15.400] - eth_getBalance
[2021/02/05 20:11:15.402] - eth_getTransactionCount
[2021/02/05 20:11:15.404] - eth_getBlockByNumber
[2021/02/05 20:11:15.405] - eth_getBalance
[2021/02/05 20:11:15.407] - eth_getTransactionCount
[2021/02/05 20:11:15.408] - net_version
[2021/02/05 20:11:15.409] - eth_getBalance
[2021/02/05 20:11:15.411] - eth_getTransactionCount
[2021/02/05 20:11:15.412] - eth_getBlockByNumber
[2021/02/05 20:11:15.414] - eth_getBalance
[2021/02/05 20:11:15.417] - eth_getTransactionCount
[2021/02/05 20:11:15.419] - eth_getBalance
[2021/02/05 20:11:15.420] - eth_estimateGas
[2021/02/05 20:11:15.422] - eth_getTransactionCount
[2021/02/05 20:11:15.426] - eth_getBalance
[2021/02/05 20:11:15.426] - eth_getTransactionCount
[2021/02/05 20:11:15.432] - eth_getBalance
[2021/02/05 20:11:15.433] - eth_getTransactionCount
[2021/02/05 20:11:15.434] - eth_getBalance
[2021/02/05 20:11:15.436] - eth_getTransactionCount
[2021/02/05 20:11:15.569] - eth_getBlockByNumber
[2021/02/05 20:11:15.636] - net_version
[2021/02/05 20:11:15.637] - eth_blockNumber
[2021/02/05 20:11:15.713] - eth_getBlockByNumber
[2021/02/05 20:11:15.713] - eth_getBlockByNumber
[2021/02/05 20:11:15.729] - eth_sendTransaction
[2021/02/05 20:11:15.793] - 
[2021/02/05 20:11:15.794] -   Transaction: 0xcac0b3a9b9266feadfd793c058a0f6f1eb1ab98948eede57fb8c90bee92ae8d1
[2021/02/05 20:11:15.795] -   Contract created: 0x0dc9239d63160196fc8b190f0a186d98567d6545
[2021/02/05 20:11:15.795] -   Gas usage: 786041
[2021/02/05 20:11:15.796] -   Block Number: 37
[2021/02/05 20:11:15.797] -   Block Time: Fri Feb 05 2021 20:11:15 GMT+0100 (Ora standard dell’Europa centrale)
[2021/02/05 20:11:15.797] - 
[2021/02/05 20:11:15.799] - eth_getBlockByNumber
[2021/02/05 20:11:15.800] - eth_getTransactionReceipt
[2021/02/05 20:11:15.803] - eth_getBalance
[2021/02/05 20:11:15.805] - eth_getCode
[2021/02/05 20:11:15.808] - eth_getTransactionCount
[2021/02/05 20:11:15.810] - net_version
[2021/02/05 20:11:15.811] - eth_getBalance
[2021/02/05 20:11:15.812] - eth_getBlockByNumber
[2021/02/05 20:11:15.816] - eth_getTransactionCount
[2021/02/05 20:11:15.817] - eth_getBlockByNumber
[2021/02/05 20:11:15.819] - eth_getBalance
[2021/02/05 20:11:15.822] - eth_getTransactionCount
[2021/02/05 20:11:15.824] - net_version
[2021/02/05 20:11:15.825] - eth_getBalance
[2021/02/05 20:11:15.829] - eth_getTransactionCount
[2021/02/05 20:11:15.831] - eth_getBlockByNumber
[2021/02/05 20:11:15.834] - eth_getBalance
[2021/02/05 20:11:15.838] - eth_getTransactionCount
[2021/02/05 20:11:15.840] - eth_estimateGas
[2021/02/05 20:11:15.842] - eth_getBalance
[2021/02/05 20:11:15.847] - eth_getTransactionCount
[2021/02/05 20:11:15.848] - eth_getBalance
[2021/02/05 20:11:15.851] - eth_getTransactionCount
[2021/02/05 20:11:15.854] - eth_getBalance
[2021/02/05 20:11:15.858] - eth_getTransactionCount
[2021/02/05 20:11:15.863] - eth_getBalance
[2021/02/05 20:11:15.866] - eth_getTransactionCount
[2021/02/05 20:11:15.870] - eth_getBalance
[2021/02/05 20:11:15.872] - eth_getTransactionCount
[2021/02/05 20:11:15.964] - eth_getBlockByNumber
[2021/02/05 20:11:16.046] - net_version
[2021/02/05 20:11:16.046] - eth_blockNumber
[2021/02/05 20:11:16.154] - eth_getBlockByNumber
[2021/02/05 20:11:16.158] - eth_getBlockByNumber
[2021/02/05 20:11:16.159] - eth_getBlockByNumber
[2021/02/05 20:11:16.170] - eth_getBlockByNumber
[2021/02/05 20:11:16.172] - eth_sendTransaction
[2021/02/05 20:11:16.188] - eth_getBlockByNumber
[2021/02/05 20:11:16.188] - eth_getBlockByNumber
[2021/02/05 20:11:16.189] - eth_getBlockByNumber
[2021/02/05 20:11:16.190] - eth_getBlockByNumber
[2021/02/05 20:11:16.190] - eth_getBlockByNumber
[2021/02/05 20:11:16.346] - 
[2021/02/05 20:11:16.347] -   Transaction: 0xfc64723fd57f7e9e1b93781045157bda68363c33fc1c5044fcb5918f3db2fe22
[2021/02/05 20:11:16.347] -   Contract created: 0xa94e9a49b83a810f42fe9252caa901a1504886e1
[2021/02/05 20:11:16.348] -   Gas usage: 374198
[2021/02/05 20:11:16.349] -   Block Number: 38
[2021/02/05 20:11:16.349] -   Block Time: Fri Feb 05 2021 20:11:16 GMT+0100 (Ora standard dell’Europa centrale)
[2021/02/05 20:11:16.350] - 
[2021/02/05 20:11:16.351] - eth_getBlockByNumber
[2021/02/05 20:11:16.352] - eth_getTransactionReceipt
[2021/02/05 20:11:16.352] - eth_getBalance
[2021/02/05 20:11:16.354] - eth_getBlockByNumber
[2021/02/05 20:11:16.354] - eth_getTransactionCount
[2021/02/05 20:11:16.355] - eth_getBlockByNumber
[2021/02/05 20:11:16.356] - eth_getBalance
[2021/02/05 20:11:16.357] - eth_getBlockByNumber
[2021/02/05 20:11:16.358] - eth_getBlockByNumber
[2021/02/05 20:11:16.359] - eth_getTransactionCount
[2021/02/05 20:11:16.360] - eth_getBlockByNumber
[2021/02/05 20:11:16.361] - eth_getBalance
[2021/02/05 20:11:16.364] - eth_getTransactionCount
[2021/02/05 20:11:16.365] - eth_getCode
[2021/02/05 20:11:16.367] - eth_getBalance
[2021/02/05 20:11:16.371] - eth_getTransactionCount
[2021/02/05 20:11:16.372] - eth_getBalance
[2021/02/05 20:11:16.375] - eth_getTransactionCount
[2021/02/05 20:11:16.377] - eth_getBalance
[2021/02/05 20:11:16.380] - eth_getTransactionCount
[2021/02/05 20:11:16.382] - eth_getBalance
[2021/02/05 20:11:16.384] - eth_getTransactionCount
[2021/02/05 20:11:16.387] - eth_getBalance
[2021/02/05 20:11:16.389] - eth_getTransactionCount
[2021/02/05 20:11:16.391] - eth_getBalance
[2021/02/05 20:11:16.393] - net_version
[2021/02/05 20:11:16.394] - eth_getBlockByNumber
[2021/02/05 20:11:16.394] - eth_getTransactionCount
[2021/02/05 20:11:16.396] - eth_getBalance
[2021/02/05 20:11:16.398] - eth_getTransactionCount
[2021/02/05 20:11:16.514] - eth_getBlockByNumber
[2021/02/05 20:11:16.515] - eth_getBlockByNumber
[2021/02/05 20:11:16.563] - eth_getBlockByNumber
[2021/02/05 20:11:16.580] - eth_getBlockByNumber
[2021/02/05 20:11:16.581] - net_version
[2021/02/05 20:11:16.584] - eth_getBlockByNumber
[2021/02/05 20:11:16.584] - eth_getBlockByNumber
[2021/02/05 20:11:16.588] - eth_estimateGas
[2021/02/05 20:11:16.752] - net_version
[2021/02/05 20:11:16.753] - eth_blockNumber
[2021/02/05 20:11:16.755] - eth_getBlockByNumber
[2021/02/05 20:11:16.768] - eth_sendTransaction
[2021/02/05 20:11:16.769] - eth_getBlockByNumber
[2021/02/05 20:11:16.812] - eth_getBlockByNumber
[2021/02/05 20:11:16.895] - 
[2021/02/05 20:11:16.895] -   Transaction: 0x0b8c4aec20bac760467fae2feed56d87c34fa6409c6d8fab7d9493c48afe58b5
[2021/02/05 20:11:16.896] -   Contract created: 0xcbb95a55d34a860866977565ebdb014b6996df3a
[2021/02/05 20:11:16.896] -   Gas usage: 1022945
[2021/02/05 20:11:16.897] -   Block Number: 39
[2021/02/05 20:11:16.897] -   Block Time: Fri Feb 05 2021 20:11:16 GMT+0100 (Ora standard dell’Europa centrale)
[2021/02/05 20:11:16.897] - 
[2021/02/05 20:11:16.898] - eth_getBlockByNumber
[2021/02/05 20:11:16.899] - eth_getBalance
[2021/02/05 20:11:16.900] - eth_getTransactionReceipt
[2021/02/05 20:11:16.901] - eth_getTransactionCount
[2021/02/05 20:11:16.902] - eth_getBalance
[2021/02/05 20:11:16.905] - eth_getTransactionCount
[2021/02/05 20:11:16.905] - eth_getBlockByNumber
[2021/02/05 20:11:16.906] - eth_getBalance
[2021/02/05 20:11:16.908] - eth_getTransactionCount
[2021/02/05 20:11:16.909] - eth_getCode
[2021/02/05 20:11:16.910] - eth_getBalance
[2021/02/05 20:11:16.911] - eth_getTransactionCount
[2021/02/05 20:11:16.913] - eth_getBalance
[2021/02/05 20:11:16.915] - eth_getTransactionCount
[2021/02/05 20:11:16.916] - eth_getBalance
[2021/02/05 20:11:16.920] - eth_getTransactionCount
[2021/02/05 20:11:16.920] - net_version
[2021/02/05 20:11:16.921] - eth_getBalance
[2021/02/05 20:11:16.924] - eth_getTransactionCount
[2021/02/05 20:11:16.926] - eth_getBalance
[2021/02/05 20:11:16.927] - eth_getTransactionCount
[2021/02/05 20:11:16.929] - eth_getBalance
[2021/02/05 20:11:16.931] - eth_getTransactionCount
[2021/02/05 20:11:16.932] - eth_getBalance
[2021/02/05 20:11:16.934] - eth_getBlockByNumber
[2021/02/05 20:11:16.935] - eth_getTransactionCount
[2021/02/05 20:11:16.954] - eth_getBlockTransactionCountByHash
[2021/02/05 20:11:16.970] - eth_getBlockByNumber
[2021/02/05 20:11:16.987] - eth_getBlockByNumber
[2021/02/05 20:11:17.003] - eth_getBlockByNumber
[2021/02/05 20:11:17.004] - net_version
[2021/02/05 20:11:17.006] - eth_getBlockByNumber
[2021/02/05 20:11:17.018] - eth_estimateGas
[2021/02/05 20:11:17.053] - eth_getBlockByNumber
[2021/02/05 20:11:17.159] - eth_getBlockByNumber
[2021/02/05 20:11:17.193] - eth_getBlockByNumber
[2021/02/05 20:11:17.194] - eth_getBlockByNumber
[2021/02/05 20:11:17.194] - eth_getBlockByNumber
[2021/02/05 20:11:17.195] - eth_getBlockByNumber
[2021/02/05 20:11:17.195] - eth_getBlockByNumber
[2021/02/05 20:11:17.223] - net_version
[2021/02/05 20:11:17.224] - eth_blockNumber
[2021/02/05 20:11:17.225] - eth_getBlockByNumber
[2021/02/05 20:11:17.226] - eth_getBlockByNumber
[2021/02/05 20:11:17.229] - eth_getBlockByNumber
[2021/02/05 20:11:17.230] - eth_getBlockTransactionCountByHash
[2021/02/05 20:11:17.230] - eth_getBlockByNumber
[2021/02/05 20:11:17.231] - eth_getBlockByNumber
[2021/02/05 20:11:17.236] - eth_getBlockByNumber
[2021/02/05 20:11:17.237] - eth_getBlockByNumber
[2021/02/05 20:11:17.290] - eth_getBlockByNumber
[2021/02/05 20:11:17.331] - eth_sendTransaction
[2021/02/05 20:11:17.342] - eth_getBlockTransactionCountByHash
[2021/02/05 20:11:17.376] - eth_getBlockByNumber
[2021/02/05 20:11:17.392] - eth_getBlockByNumber
[2021/02/05 20:11:17.404] - 
[2021/02/05 20:11:17.404] -   Transaction: 0x4fe7e1b839914273ec56fd7d685ff86d33ad568cbe2d8239a8d8d2c17a49ebd4
[2021/02/05 20:11:17.405] -   Contract created: 0xfc24c5943e9dc41386476dc6bb6bf43920d09341
[2021/02/05 20:11:17.405] -   Gas usage: 202940
[2021/02/05 20:11:17.406] -   Block Number: 40
[2021/02/05 20:11:17.406] -   Block Time: Fri Feb 05 2021 20:11:17 GMT+0100 (Ora standard dell’Europa centrale)
[2021/02/05 20:11:17.407] - 
[2021/02/05 20:11:17.408] - eth_getBlockByNumber
[2021/02/05 20:11:17.408] - eth_getTransactionReceipt
[2021/02/05 20:11:17.409] - eth_getBalance
[2021/02/05 20:11:17.410] - eth_getTransactionCount
[2021/02/05 20:11:17.412] - eth_getBalance
[2021/02/05 20:11:17.414] - eth_getBlockByNumber
[2021/02/05 20:11:17.414] - eth_getBlockByNumber
[2021/02/05 20:11:17.415] - eth_getTransactionCount
[2021/02/05 20:11:17.416] - eth_getBalance
[2021/02/05 20:11:17.417] - eth_getCode
[2021/02/05 20:11:17.419] - eth_getTransactionCount
[2021/02/05 20:11:17.421] - eth_getBalance
[2021/02/05 20:11:17.422] - eth_getTransactionCount
[2021/02/05 20:11:17.426] - eth_getBalance
[2021/02/05 20:11:17.427] - eth_getTransactionCount
[2021/02/05 20:11:17.429] - eth_getBalance
[2021/02/05 20:11:17.430] - net_version
[2021/02/05 20:11:17.431] - eth_getTransactionCount
[2021/02/05 20:11:17.432] - eth_getBalance
[2021/02/05 20:11:17.434] - eth_getTransactionCount
[2021/02/05 20:11:17.436] - eth_getBalance
[2021/02/05 20:11:17.438] - eth_getTransactionCount
[2021/02/05 20:11:17.439] - eth_getBalance
[2021/02/05 20:11:17.440] - eth_getBlockByNumber
[2021/02/05 20:11:17.442] - eth_getTransactionCount
[2021/02/05 20:11:17.443] - eth_getBalance
[2021/02/05 20:11:17.445] - eth_getTransactionCount
[2021/02/05 20:11:17.469] - eth_getBlockByNumber
[2021/02/05 20:11:17.489] - eth_getBlockByNumber
[2021/02/05 20:11:17.535] - net_version
[2021/02/05 20:11:17.550] - eth_getBlockTransactionCountByHash
[2021/02/05 20:11:17.551] - eth_getBlockByNumber
[2021/02/05 20:11:17.560] - eth_getBlockByNumber
[2021/02/05 20:11:17.561] - eth_estimateGas
[2021/02/05 20:11:17.570] - eth_getBlockTransactionCountByHash
[2021/02/05 20:11:17.582] - eth_getBlockByNumber
[2021/02/05 20:11:17.696] - net_version
[2021/02/05 20:11:17.697] - eth_blockNumber
[2021/02/05 20:11:17.707] - eth_getBlockByNumber
[2021/02/05 20:11:17.709] - eth_getBlockByNumber
[2021/02/05 20:11:17.710] - eth_getBlockByNumber
[2021/02/05 20:11:17.730] - eth_getBlockTransactionCountByHash
[2021/02/05 20:11:17.741] - eth_sendTransaction
[2021/02/05 20:11:17.753] - eth_getBlockByNumber
[2021/02/05 20:11:17.818] - eth_getBlockByNumber
[2021/02/05 20:11:17.881] - 
[2021/02/05 20:11:17.881] -   Transaction: 0x8108cb70d8b4ff4aaa4e66f51c6adcd33bd2124d37966b6360d260d5e3fc2234
[2021/02/05 20:11:17.882] -   Contract created: 0x6aea44cade4f45d5b53fc66976a02c9ea1533224
[2021/02/05 20:11:17.882] -   Gas usage: 1173026
[2021/02/05 20:11:17.883] -   Block Number: 41
[2021/02/05 20:11:17.883] -   Block Time: Fri Feb 05 2021 20:11:17 GMT+0100 (Ora standard dell’Europa centrale)
[2021/02/05 20:11:17.884] - 
[2021/02/05 20:11:17.885] - eth_getBlockByNumber
[2021/02/05 20:11:17.886] - eth_getTransactionReceipt
[2021/02/05 20:11:17.886] - eth_getBalance
[2021/02/05 20:11:17.887] - eth_getTransactionCount
[2021/02/05 20:11:17.890] - eth_getBalance
[2021/02/05 20:11:17.890] - eth_getBlockByNumber
[2021/02/05 20:11:17.891] - eth_getTransactionCount
[2021/02/05 20:11:17.893] - eth_getCode
[2021/02/05 20:11:17.893] - eth_getBalance
[2021/02/05 20:11:17.895] - eth_getTransactionCount
[2021/02/05 20:11:17.898] - eth_getBalance
[2021/02/05 20:11:17.900] - eth_getTransactionCount
[2021/02/05 20:11:17.901] - eth_getBalance
[2021/02/05 20:11:17.904] - eth_getTransactionCount
[2021/02/05 20:11:17.905] - net_version
[2021/02/05 20:11:17.906] - eth_getBalance
[2021/02/05 20:11:17.907] - eth_getTransactionCount
[2021/02/05 20:11:17.915] - eth_getBalance
[2021/02/05 20:11:17.916] - eth_getTransactionCount
[2021/02/05 20:11:17.917] - eth_getBalance
[2021/02/05 20:11:17.918] - eth_getBlockByNumber
[2021/02/05 20:11:17.918] - eth_getTransactionCount
[2021/02/05 20:11:17.919] - eth_getBalance
[2021/02/05 20:11:17.919] - eth_getTransactionCount
[2021/02/05 20:11:17.920] - eth_getBalance
[2021/02/05 20:11:17.922] - eth_getTransactionCount
[2021/02/05 20:11:17.923] - eth_getBlockByNumber
[2021/02/05 20:11:17.943] - eth_getBlockTransactionCountByHash
[2021/02/05 20:11:17.961] - eth_getBlockByNumber
[2021/02/05 20:11:17.974] - eth_getBlockByNumber
[2021/02/05 20:11:18.008] - eth_getBlockByNumber
[2021/02/05 20:11:18.024] - eth_getBlockByNumber
[2021/02/05 20:11:18.025] - net_version
[2021/02/05 20:11:18.031] - eth_getBlockByNumber
[2021/02/05 20:11:18.036] - eth_getBlockByNumber
[2021/02/05 20:11:18.045] - eth_getBlockTransactionCountByHash
[2021/02/05 20:11:18.047] - eth_estimateGas
[2021/02/05 20:11:18.055] - eth_getBlockByNumber
[2021/02/05 20:11:18.162] - eth_getBlockByNumber
[2021/02/05 20:11:18.171] - net_version
[2021/02/05 20:11:18.172] - eth_blockNumber
[2021/02/05 20:11:18.179] - eth_getBlockByNumber
[2021/02/05 20:11:18.179] - eth_getBlockByNumber
[2021/02/05 20:11:18.183] - eth_getBlockTransactionCountByHash
[2021/02/05 20:11:18.184] - eth_sendTransaction
[2021/02/05 20:11:18.195] - eth_getBlockByNumber
[2021/02/05 20:11:18.196] - eth_getBlockByNumber
[2021/02/05 20:11:18.197] - eth_getBlockByNumber
[2021/02/05 20:11:18.197] - eth_getBlockByNumber
[2021/02/05 20:11:18.198] - eth_getBlockByNumber
[2021/02/05 20:11:18.198] - eth_getBlockByNumber
[2021/02/05 20:11:18.318] - 
[2021/02/05 20:11:18.319] -   Transaction: 0x44955d468cad4341e1824eee4a853f913b505d4496ddd61d9c8bb1666d9231fe
[2021/02/05 20:11:18.319] -   Contract created: 0x23c2bfec6623cad74f8d9255a03e6fcbffdb45d9
[2021/02/05 20:11:18.320] -   Gas usage: 1023009
[2021/02/05 20:11:18.320] -   Block Number: 42
[2021/02/05 20:11:18.321] -   Block Time: Fri Feb 05 2021 20:11:18 GMT+0100 (Ora standard dell’Europa centrale)
[2021/02/05 20:11:18.321] - 
[2021/02/05 20:11:18.323] - eth_getBlockByNumber
[2021/02/05 20:11:18.324] - eth_getTransactionReceipt
[2021/02/05 20:11:18.324] - eth_getBalance
[2021/02/05 20:11:18.325] - eth_getTransactionCount
[2021/02/05 20:11:18.326] - eth_getBalance
[2021/02/05 20:11:18.328] - eth_getTransactionCount
[2021/02/05 20:11:18.329] - eth_getBlockByNumber
[2021/02/05 20:11:18.330] - eth_getBalance
[2021/02/05 20:11:18.331] - eth_getBlockByNumber
[2021/02/05 20:11:18.333] - eth_getBlockByNumber
[2021/02/05 20:11:18.334] - eth_getTransactionCount
[2021/02/05 20:11:18.336] - eth_getBalance
[2021/02/05 20:11:18.337] - eth_getTransactionCount
[2021/02/05 20:11:18.338] - eth_getBlockByNumber
[2021/02/05 20:11:18.341] - eth_getBlockByNumber
[2021/02/05 20:11:18.341] - eth_getBalance
[2021/02/05 20:11:18.342] - eth_getTransactionCount
[2021/02/05 20:11:18.343] - eth_getBalance
[2021/02/05 20:11:18.343] - eth_getTransactionCount
[2021/02/05 20:11:18.346] - eth_getCode
[2021/02/05 20:11:18.347] - eth_getBalance
[2021/02/05 20:11:18.347] - eth_getTransactionCount
[2021/02/05 20:11:18.349] - eth_getBalance
[2021/02/05 20:11:18.351] - eth_getTransactionCount
[2021/02/05 20:11:18.352] - eth_getBalance
[2021/02/05 20:11:18.354] - eth_getTransactionCount
[2021/02/05 20:11:18.356] - eth_getBalance
[2021/02/05 20:11:18.357] - eth_getTransactionCount
[2021/02/05 20:11:18.383] - eth_getBlockByNumber
[2021/02/05 20:11:18.383] - eth_getBlockTransactionCountByHash
[2021/02/05 20:11:18.399] - eth_getBlockByNumber
[2021/02/05 20:11:18.430] - eth_getBlockByNumber
[2021/02/05 20:11:18.432] - net_version
[2021/02/05 20:11:18.540] - eth_getBlockByNumber
[2021/02/05 20:11:18.542] - eth_getBlockByNumber
[2021/02/05 20:11:18.543] - eth_getBlockByNumber
[2021/02/05 20:11:18.544] - eth_getBlockByNumber
[2021/02/05 20:11:18.547] - eth_getBlockByNumber
[2021/02/05 20:11:18.556] - eth_getBlockByNumber
[2021/02/05 20:11:18.562] - eth_getBlockTransactionCountByHash
[2021/02/05 20:11:18.564] - net_version
[2021/02/05 20:11:18.572] - eth_getBlockByNumber
[2021/02/05 20:11:18.573] - eth_getBlockByNumber
[2021/02/05 20:11:18.589] - eth_getBlockByNumber
[2021/02/05 20:11:18.589] - eth_estimateGas
[2021/02/05 20:11:18.593] - eth_getBlockByNumber
[2021/02/05 20:11:18.594] - eth_getBlockTransactionCountByHash
[2021/02/05 20:11:18.687] - net_version
[2021/02/05 20:11:18.688] - eth_blockNumber
[2021/02/05 20:11:18.693] - eth_getBlockByNumber
[2021/02/05 20:11:18.694] - eth_getBlockByNumber
[2021/02/05 20:11:18.707] - eth_getBlockTransactionCountByHash
[2021/02/05 20:11:18.708] - eth_sendTransaction
[2021/02/05 20:11:18.718] - eth_getBlockByNumber
[2021/02/05 20:11:18.825] - eth_getBlockByNumber
[2021/02/05 20:11:18.846] - 
[2021/02/05 20:11:18.847] -   Transaction: 0x75d2c7cded66e7f0295496bddf9573c2e0600eab29cb1a8276412dda03decac4
[2021/02/05 20:11:18.847] -   Contract created: 0x2ce99b72fd72155d09d703c7e213ddaf8a889903
[2021/02/05 20:11:18.847] -   Gas usage: 1044212
[2021/02/05 20:11:18.848] -   Block Number: 43
[2021/02/05 20:11:18.849] -   Block Time: Fri Feb 05 2021 20:11:18 GMT+0100 (Ora standard dell’Europa centrale)
[2021/02/05 20:11:18.849] - 
[2021/02/05 20:11:18.850] - eth_getBlockByNumber
[2021/02/05 20:11:18.851] - eth_getTransactionReceipt
[2021/02/05 20:11:18.851] - eth_getBalance
[2021/02/05 20:11:18.852] - eth_getTransactionCount
[2021/02/05 20:11:18.854] - eth_getBalance
[2021/02/05 20:11:18.855] - eth_getBlockByNumber
[2021/02/05 20:11:18.856] - eth_getTransactionCount
[2021/02/05 20:11:18.858] - eth_getCode
[2021/02/05 20:11:18.859] - eth_getBalance
[2021/02/05 20:11:18.862] - eth_getTransactionCount
[2021/02/05 20:11:18.864] - eth_getBalance
[2021/02/05 20:11:18.866] - eth_getTransactionCount
[2021/02/05 20:11:18.868] - eth_getBalance
[2021/02/05 20:11:18.872] - net_version
[2021/02/05 20:11:18.873] - eth_getTransactionCount
[2021/02/05 20:11:18.873] - eth_getBalance
[2021/02/05 20:11:18.874] - eth_getTransactionCount
[2021/02/05 20:11:18.876] - eth_getBalance
[2021/02/05 20:11:18.877] - eth_getTransactionCount
[2021/02/05 20:11:18.879] - eth_getBalance
[2021/02/05 20:11:18.880] - eth_getBlockByNumber
[2021/02/05 20:11:18.881] - eth_getTransactionCount
[2021/02/05 20:11:18.883] - eth_getBalance
[2021/02/05 20:11:18.885] - eth_getTransactionCount
[2021/02/05 20:11:18.886] - eth_getBalance
[2021/02/05 20:11:18.889] - eth_getTransactionCount
[2021/02/05 20:11:18.904] - eth_getBlockByNumber
[2021/02/05 20:11:18.905] - eth_getBlockByNumber
[2021/02/05 20:11:18.910] - eth_getBlockTransactionCountByHash
[2021/02/05 20:11:18.922] - eth_getBlockByNumber
[2021/02/05 20:11:18.953] - eth_getBlockByNumber
[2021/02/05 20:11:18.954] - net_version
[2021/02/05 20:11:18.968] - eth_getBlockByNumber
[2021/02/05 20:11:18.984] - eth_getBlockByNumber
[2021/02/05 20:11:18.985] - eth_getBlockByNumber
[2021/02/05 20:11:18.987] - eth_getBlockByNumber
[2021/02/05 20:11:18.989] - eth_estimateGas
[2021/02/05 20:11:19.000] - eth_getBlockByNumber
[2021/02/05 20:11:19.169] - eth_getBlockByNumber
[2021/02/05 20:11:19.194] - net_version
[2021/02/05 20:11:19.194] - eth_blockNumber
[2021/02/05 20:11:19.196] - eth_getBlockByNumber
[2021/02/05 20:11:19.196] - eth_getBlockByNumber
[2021/02/05 20:11:19.197] - eth_getBlockByNumber
[2021/02/05 20:11:19.197] - eth_getBlockByNumber
[2021/02/05 20:11:19.198] - eth_getBlockByNumber
[2021/02/05 20:11:19.199] - eth_getBlockByNumber
[2021/02/05 20:11:19.200] - eth_getBlockByNumber
[2021/02/05 20:11:19.201] - eth_getBlockTransactionCountByHash
[2021/02/05 20:11:19.202] - eth_getBlockByNumber
[2021/02/05 20:11:19.204] - eth_getBlockByNumber
[2021/02/05 20:11:19.206] - eth_getBlockByNumber
[2021/02/05 20:11:19.207] - eth_getBlockByNumber
[2021/02/05 20:11:19.208] - eth_getBlockByNumber
[2021/02/05 20:11:19.210] - eth_sendTransaction
[2021/02/05 20:11:19.236] - eth_getBlockByNumber
[2021/02/05 20:11:19.344] - eth_getBlockByNumber
[2021/02/05 20:11:19.392] - eth_getBlockByNumber
[2021/02/05 20:11:19.396] - 
[2021/02/05 20:11:19.396] -   Transaction: 0xca5143203009fbb020166ba12c5f34569f0f6def8c4c595f762af9bcda1e9e51
[2021/02/05 20:11:19.396] -   Contract created: 0x8ac8924db4ae51e43b8face34be821c557d1cc1a
[2021/02/05 20:11:19.397] -   Gas usage: 1137073
[2021/02/05 20:11:19.397] -   Block Number: 44
[2021/02/05 20:11:19.398] -   Block Time: Fri Feb 05 2021 20:11:19 GMT+0100 (Ora standard dell’Europa centrale)
[2021/02/05 20:11:19.398] - 
[2021/02/05 20:11:19.400] - eth_getBlockByNumber
[2021/02/05 20:11:19.401] - eth_getTransactionReceipt
[2021/02/05 20:11:19.401] - eth_getBalance
[2021/02/05 20:11:19.402] - eth_getTransactionCount
[2021/02/05 20:11:19.404] - eth_getBlockByNumber
[2021/02/05 20:11:19.405] - eth_getBlockByNumber
[2021/02/05 20:11:19.406] - eth_getBalance
[2021/02/05 20:11:19.406] - eth_getBlockByNumber
[2021/02/05 20:11:19.407] - eth_getTransactionCount
[2021/02/05 20:11:19.409] - eth_getBalance
[2021/02/05 20:11:19.410] - eth_getCode
[2021/02/05 20:11:19.411] - eth_getTransactionCount
[2021/02/05 20:11:19.413] - eth_getBalance
[2021/02/05 20:11:19.414] - eth_getBlockByNumber
[2021/02/05 20:11:19.414] - eth_getTransactionCount
[2021/02/05 20:11:19.416] - eth_getBalance
[2021/02/05 20:11:19.418] - eth_getTransactionCount
[2021/02/05 20:11:19.420] - eth_getBalance
[2021/02/05 20:11:19.422] - eth_getTransactionCount
[2021/02/05 20:11:19.423] - net_version
[2021/02/05 20:11:19.424] - eth_getBalance
[2021/02/05 20:11:19.426] - eth_getTransactionCount
[2021/02/05 20:11:19.427] - eth_getBalance
[2021/02/05 20:11:19.429] - eth_getTransactionCount
[2021/02/05 20:11:19.431] - eth_getBalance
[2021/02/05 20:11:19.433] - eth_getTransactionCount
[2021/02/05 20:11:19.435] - eth_getBalance
[2021/02/05 20:11:19.436] - eth_getTransactionCount
[2021/02/05 20:11:19.438] - eth_getBlockByNumber
[2021/02/05 20:11:19.439] - eth_getBlockByNumber
[2021/02/05 20:11:19.463] - eth_getBlockTransactionCountByHash
[2021/02/05 20:11:19.519] - eth_getBlockByNumber
[2021/02/05 20:11:19.520] - eth_getBlockByNumber
[2021/02/05 20:11:19.536] - net_version
[2021/02/05 20:11:19.550] - eth_getBlockByNumber
[2021/02/05 20:11:19.565] - eth_getBlockByNumber
[2021/02/05 20:11:19.567] - eth_estimateGas
[2021/02/05 20:11:19.583] - eth_getBlockTransactionCountByHash
[2021/02/05 20:11:19.598] - eth_getBlockByNumber
[2021/02/05 20:11:19.726] - net_version
[2021/02/05 20:11:19.727] - eth_blockNumber
[2021/02/05 20:11:19.737] - eth_getBlockByNumber
[2021/02/05 20:11:19.738] - eth_getBlockByNumber
[2021/02/05 20:11:19.739] - eth_getBlockByNumber
[2021/02/05 20:11:19.758] - eth_getBlockTransactionCountByHash
[2021/02/05 20:11:19.761] - eth_sendTransaction
[2021/02/05 20:11:19.770] - eth_getBlockByNumber
[2021/02/05 20:11:19.830] - eth_getBlockByNumber
[2021/02/05 20:11:19.859] - eth_getBlockByNumber
[2021/02/05 20:11:19.907] - 
[2021/02/05 20:11:19.907] -   Transaction: 0x96572f89d58f33a6875ff23064375fddabd72314379fafd3726c40606295734a
[2021/02/05 20:11:19.908] -   Contract created: 0x25c9aaf1df22a8c244b8f77adad1387f1ebe424a
[2021/02/05 20:11:19.908] -   Gas usage: 1023009
[2021/02/05 20:11:19.909] -   Block Number: 45
[2021/02/05 20:11:19.909] -   Block Time: Fri Feb 05 2021 20:11:19 GMT+0100 (Ora standard dell’Europa centrale)
[2021/02/05 20:11:19.909] - 
[2021/02/05 20:11:19.910] - eth_getBlockByNumber
[2021/02/05 20:11:19.911] - eth_getBlockByNumber
[2021/02/05 20:11:19.912] - eth_getTransactionReceipt
[2021/02/05 20:11:19.913] - eth_getBlockByNumber
[2021/02/05 20:11:19.916] - eth_getBlockByNumber
[2021/02/05 20:11:19.917] - eth_getBlockByNumber
[2021/02/05 20:11:19.919] - eth_getBlockByNumber
[2021/02/05 20:11:19.921] - eth_getBlockByNumber
[2021/02/05 20:11:19.922] - eth_getBalance
[2021/02/05 20:11:19.922] - eth_getCode
[2021/02/05 20:11:19.923] - eth_getTransactionCount
[2021/02/05 20:11:19.925] - eth_getBalance
[2021/02/05 20:11:19.927] - eth_getTransactionCount
[2021/02/05 20:11:19.928] - eth_getBlockByNumber
[2021/02/05 20:11:19.929] - eth_getBalance
[2021/02/05 20:11:19.930] - eth_getTransactionCount
[2021/02/05 20:11:19.932] - eth_getBalance
[2021/02/05 20:11:19.933] - net_version
[2021/02/05 20:11:19.934] - eth_getTransactionCount
[2021/02/05 20:11:19.936] - eth_getBalance
[2021/02/05 20:11:19.938] - eth_getTransactionCount
[2021/02/05 20:11:19.940] - eth_getBalance
[2021/02/05 20:11:19.941] - eth_getBlockByNumber
[2021/02/05 20:11:19.941] - eth_getTransactionCount
[2021/02/05 20:11:19.943] - eth_getBalance
[2021/02/05 20:11:19.945] - eth_getTransactionCount
[2021/02/05 20:11:19.948] - eth_getBalance
[2021/02/05 20:11:19.949] - eth_getBlockByNumber
[2021/02/05 20:11:19.950] - eth_getTransactionCount
[2021/02/05 20:11:19.951] - eth_getBalance
[2021/02/05 20:11:19.953] - eth_getTransactionCount
[2021/02/05 20:11:19.955] - eth_getBalance
[2021/02/05 20:11:19.957] - eth_getTransactionCount
[2021/02/05 20:11:19.958] - net_version
[2021/02/05 20:11:19.985] - eth_getBlockByNumber
[2021/02/05 20:11:19.991] - eth_getBlockTransactionCountByHash
[2021/02/05 20:11:19.993] - eth_getBlockByNumber
[2021/02/05 20:11:19.993] - eth_getBlockTransactionCountByHash
[2021/02/05 20:11:19.994] - eth_getBlockByNumber
[2021/02/05 20:11:20.003] - eth_estimateGas
[2021/02/05 20:11:20.088] - eth_getBlockByNumber
[2021/02/05 20:11:20.175] - eth_getBlockByNumber
[2021/02/05 20:11:20.178] - net_version
[2021/02/05 20:11:20.179] - eth_blockNumber
[2021/02/05 20:11:20.180] - eth_getBlockByNumber
[2021/02/05 20:11:20.181] - eth_getBlockByNumber
[2021/02/05 20:11:20.184] - eth_getBlockTransactionCountByHash
[2021/02/05 20:11:20.186] - eth_sendTransaction
[2021/02/05 20:11:20.200] - eth_getBlockByNumber
[2021/02/05 20:11:20.207] - eth_getBlockByNumber
[2021/02/05 20:11:20.208] - eth_getBlockByNumber
[2021/02/05 20:11:20.209] - eth_getBlockByNumber
[2021/02/05 20:11:20.210] - eth_getBlockByNumber
[2021/02/05 20:11:20.210] - eth_getBlockByNumber
[2021/02/05 20:11:20.347] - eth_getBlockByNumber
[2021/02/05 20:11:20.350] - 
[2021/02/05 20:11:20.351] -   Transaction: 0xc656dc5b3d1acd901514745a2586a12230f608d41a0ab8580fae71d802896dc3
[2021/02/05 20:11:20.351] -   Contract created: 0xe0f529827205eec443e8b263af3aac455b46b397
[2021/02/05 20:11:20.352] -   Gas usage: 126026
[2021/02/05 20:11:20.352] -   Block Number: 46
[2021/02/05 20:11:20.352] -   Block Time: Fri Feb 05 2021 20:11:20 GMT+0100 (Ora standard dell’Europa centrale)
[2021/02/05 20:11:20.353] - 
[2021/02/05 20:11:20.354] - eth_getBlockByNumber
[2021/02/05 20:11:20.355] - eth_getTransactionReceipt
[2021/02/05 20:11:20.359] - eth_getBlockByNumber
[2021/02/05 20:11:20.360] - eth_getBlockByNumber
[2021/02/05 20:11:20.363] - eth_getBlockByNumber
[2021/02/05 20:11:20.367] - eth_getBlockByNumber
[2021/02/05 20:11:20.369] - eth_getBlockByNumber
[2021/02/05 20:11:20.369] - eth_getBalance
[2021/02/05 20:11:20.370] - eth_getTransactionCount
[2021/02/05 20:11:20.371] - eth_getBlockByNumber
[2021/02/05 20:11:20.372] - eth_getBalance
[2021/02/05 20:11:20.373] - eth_getBlockByNumber
[2021/02/05 20:11:20.373] - eth_getTransactionCount
[2021/02/05 20:11:20.374] - eth_getBalance
[2021/02/05 20:11:20.376] - eth_getCode
[2021/02/05 20:11:20.377] - eth_getTransactionCount
[2021/02/05 20:11:20.378] - eth_getBalance
[2021/02/05 20:11:20.379] - eth_getTransactionCount
[2021/02/05 20:11:20.381] - eth_getBalance
[2021/02/05 20:11:20.383] - eth_getTransactionCount
[2021/02/05 20:11:20.385] - eth_getBalance
[2021/02/05 20:11:20.387] - eth_getTransactionCount
[2021/02/05 20:11:20.390] - eth_getBalance
[2021/02/05 20:11:20.391] - eth_getTransactionCount
[2021/02/05 20:11:20.392] - eth_getBalance
[2021/02/05 20:11:20.395] - eth_getTransactionCount
[2021/02/05 20:11:20.397] - eth_getBlockByNumber
[2021/02/05 20:11:20.398] - eth_getBalance
[2021/02/05 20:11:20.399] - eth_getTransactionCount
[2021/02/05 20:11:20.401] - eth_getBalance
[2021/02/05 20:11:20.404] - eth_getTransactionCount
[2021/02/05 20:11:20.435] - eth_getBlockTransactionCountByHash
[2021/02/05 20:11:20.436] - eth_getBlockTransactionCountByHash
[2021/02/05 20:11:20.560] - eth_getBlockByNumber
[2021/02/05 20:11:20.578] - eth_getBlockTransactionCountByHash
[2021/02/05 20:11:21.042] - eth_getBlockByNumber
[2021/02/05 20:11:21.043] - eth_getBlockByNumber
[2021/02/05 20:11:21.043] - eth_getBlockByNumber
[2021/02/05 20:11:21.044] - eth_getBlockByNumber
[2021/02/05 20:11:21.045] - eth_getBlockByNumber
[2021/02/05 20:11:21.045] - eth_getBlockByNumber
[2021/02/05 20:11:21.046] - eth_getBlockByNumber
[2021/02/05 20:11:21.046] - eth_getBlockByNumber
[2021/02/05 20:11:21.047] - eth_getBlockByNumber
[2021/02/05 20:11:21.048] - eth_getBlockByNumber
[2021/02/05 20:11:21.048] - eth_getBlockByNumber
[2021/02/05 20:11:21.049] - eth_getBlockByNumber
[2021/02/05 20:11:21.053] - eth_getBlockByNumber
[2021/02/05 20:11:21.054] - eth_getBlockByNumber
[2021/02/05 20:11:21.055] - eth_getBlockByNumber
[2021/02/05 20:11:21.056] - eth_getBlockByNumber
[2021/02/05 20:11:21.058] - eth_getBlockByNumber
[2021/02/05 20:11:21.059] - eth_getBlockByNumber
[2021/02/05 20:11:21.060] - eth_getBlockByNumber
[2021/02/05 20:11:21.061] - eth_getBlockByNumber
[2021/02/05 20:11:21.062] - eth_getBlockByNumber
[2021/02/05 20:11:21.065] - eth_getBlockByNumber
[2021/02/05 20:11:21.065] - eth_getBlockByNumber
[2021/02/05 20:11:21.113] - eth_getBlockByNumber
[2021/02/05 20:11:21.141] - eth_estimateGas
[2021/02/05 20:11:21.188] - eth_getBlockByNumber
[2021/02/05 20:11:21.222] - eth_getBlockByNumber
[2021/02/05 20:11:21.223] - eth_getBlockByNumber
[2021/02/05 20:11:21.223] - eth_getBlockByNumber
[2021/02/05 20:11:21.224] - eth_getBlockByNumber
[2021/02/05 20:11:21.225] - eth_getBlockByNumber
[2021/02/05 20:11:21.287] - eth_getBlockByNumber
[2021/02/05 20:11:21.287] - eth_blockNumber
[2021/02/05 20:11:21.289] - eth_getBlockByNumber
[2021/02/05 20:11:21.289] - eth_getBlockByNumber
[2021/02/05 20:11:21.291] - eth_getBlockByNumber
[2021/02/05 20:11:21.292] - eth_getBlockByNumber
[2021/02/05 20:11:21.293] - eth_getBlockByNumber
[2021/02/05 20:11:21.296] - eth_getBlockByNumber
[2021/02/05 20:11:21.297] - eth_sendTransaction
[2021/02/05 20:11:21.362] - eth_getBlockByNumber
[2021/02/05 20:11:21.377] - eth_getBlockByNumber
[2021/02/05 20:11:21.407] - eth_getBlockByNumber
[2021/02/05 20:11:21.508] - 
[2021/02/05 20:11:21.508] -   Transaction: 0x5aaa25717907c7c085fdb2e3e02c300241fe9b3c42692aa64e2d01653d4cb152
[2021/02/05 20:11:21.509] -   Contract created: 0xf2bbb213bf46615eef3c22cbe21201ddea316d73
[2021/02/05 20:11:21.509] -   Gas usage: 447569
[2021/02/05 20:11:21.510] -   Block Number: 47
[2021/02/05 20:11:21.510] -   Block Time: Fri Feb 05 2021 20:11:21 GMT+0100 (Ora standard dell’Europa centrale)
[2021/02/05 20:11:21.511] - 
[2021/02/05 20:11:21.512] - eth_getBlockByNumber
[2021/02/05 20:11:21.513] - eth_getTransactionReceipt
[2021/02/05 20:11:21.514] - eth_getBlockByNumber
[2021/02/05 20:11:21.515] - eth_getBlockByNumber
[2021/02/05 20:11:21.516] - eth_getBlockByNumber
[2021/02/05 20:11:21.517] - eth_getBlockByNumber
[2021/02/05 20:11:21.519] - eth_getCode
[2021/02/05 20:11:21.522] - eth_getBalance
[2021/02/05 20:11:21.524] - eth_getTransactionCount
[2021/02/05 20:11:21.526] - eth_getBalance
[2021/02/05 20:11:21.527] - eth_getBlockByNumber
[2021/02/05 20:11:21.529] - eth_getTransactionCount
[2021/02/05 20:11:21.530] - eth_getBalance
[2021/02/05 20:11:21.537] - eth_getTransactionCount
[2021/02/05 20:11:21.538] - eth_getBalance
[2021/02/05 20:11:21.538] - eth_getTransactionCount
[2021/02/05 20:11:21.539] - eth_getBalance
[2021/02/05 20:11:21.540] - eth_getTransactionCount
[2021/02/05 20:11:21.543] - eth_blockNumber
[2021/02/05 20:11:21.544] - eth_getBalance
[2021/02/05 20:11:21.544] - eth_getTransactionCount
[2021/02/05 20:11:21.545] - eth_getBalance
[2021/02/05 20:11:21.547] - eth_getTransactionCount
[2021/02/05 20:11:21.549] - eth_getBalance
[2021/02/05 20:11:21.552] - eth_getTransactionCount
[2021/02/05 20:11:21.553] - eth_getBalance
[2021/02/05 20:11:21.555] - eth_getBlockByNumber
[2021/02/05 20:11:21.556] - eth_getTransactionCount
[2021/02/05 20:11:21.557] - eth_getBalance
[2021/02/05 20:11:21.559] - eth_getTransactionCount
[2021/02/05 20:11:21.589] - eth_getBlockTransactionCountByHash
[2021/02/05 20:11:21.598] - eth_getBlockByNumber
[2021/02/05 20:11:21.630] - eth_sendTransaction
[2021/02/05 20:11:21.769] - 
[2021/02/05 20:11:21.770] -   Transaction: 0xc55c1ba7b60f520becdfc1758b052c65c873999bfd971e6496c39881dcb35c85
[2021/02/05 20:11:21.770] -   Gas usage: 30372
[2021/02/05 20:11:21.771] -   Block Number: 48
[2021/02/05 20:11:21.771] -   Block Time: Fri Feb 05 2021 20:11:21 GMT+0100 (Ora standard dell’Europa centrale)
[2021/02/05 20:11:21.772] - 
[2021/02/05 20:11:21.773] - eth_getBlockByNumber
[2021/02/05 20:11:21.775] - eth_getTransactionReceipt
[2021/02/05 20:11:21.777] - eth_getBlockByNumber
[2021/02/05 20:11:21.781] - eth_getCode
[2021/02/05 20:11:21.782] - eth_getBalance
[2021/02/05 20:11:21.784] - eth_getTransactionCount
[2021/02/05 20:11:21.787] - eth_getBalance
[2021/02/05 20:11:21.789] - eth_getTransactionCount
[2021/02/05 20:11:21.791] - eth_getBalance
[2021/02/05 20:11:21.792] - eth_blockNumber
[2021/02/05 20:11:21.793] - eth_getTransactionCount
[2021/02/05 20:11:21.795] - eth_getBalance
[2021/02/05 20:11:21.796] - eth_getBlockByNumber
[2021/02/05 20:11:21.797] - eth_getTransactionCount
[2021/02/05 20:11:21.799] - eth_getBalance
[2021/02/05 20:11:21.800] - eth_getBlockByNumber
[2021/02/05 20:11:21.802] - eth_getTransactionCount
[2021/02/05 20:11:21.804] - eth_getBalance
[2021/02/05 20:11:21.805] - eth_sendTransaction
[2021/02/05 20:11:21.806] - eth_getTransactionCount
[2021/02/05 20:11:21.808] - eth_getBalance
[2021/02/05 20:11:21.811] - eth_getTransactionCount
[2021/02/05 20:11:21.813] - eth_getBalance
[2021/02/05 20:11:21.814] - eth_getTransactionCount
[2021/02/05 20:11:21.815] - eth_getBalance
[2021/02/05 20:11:21.817] - eth_getTransactionCount
[2021/02/05 20:11:21.819] - eth_getBalance
[2021/02/05 20:11:21.821] - eth_getTransactionCount
[2021/02/05 20:11:21.847] - eth_getBlockTransactionCountByHash
[2021/02/05 20:11:22.009] - 
[2021/02/05 20:11:22.009] -   Transaction: 0xa7009bdc9c4709619e65c9bf16eecc02024d2085a729507a054eed494f8fad56
[2021/02/05 20:11:22.009] -   Gas usage: 200156
[2021/02/05 20:11:22.010] -   Block Number: 49
[2021/02/05 20:11:22.011] -   Block Time: Fri Feb 05 2021 20:11:21 GMT+0100 (Ora standard dell’Europa centrale)
[2021/02/05 20:11:22.011] - 
[2021/02/05 20:11:22.012] - eth_getBlockByNumber
[2021/02/05 20:11:22.013] - eth_getTransactionReceipt
[2021/02/05 20:11:22.017] - eth_getBlockByNumber
[2021/02/05 20:11:22.023] - eth_getBalance
[2021/02/05 20:11:22.025] - eth_getTransactionCount
[2021/02/05 20:11:22.026] - eth_getBalance
[2021/02/05 20:11:22.028] - eth_getTransactionCount
[2021/02/05 20:11:22.030] - eth_getBalance
[2021/02/05 20:11:22.032] - eth_getTransactionCount
[2021/02/05 20:11:22.034] - eth_getBalance
[2021/02/05 20:11:22.035] - eth_getTransactionCount
[2021/02/05 20:11:22.037] - eth_getBalance
[2021/02/05 20:11:22.040] - eth_getTransactionCount
[2021/02/05 20:11:22.042] - eth_getBalance
[2021/02/05 20:11:22.042] - eth_getBlockByNumber
[2021/02/05 20:11:22.043] - eth_getCode
[2021/02/05 20:11:22.044] - eth_getBlockByNumber
[2021/02/05 20:11:22.045] - eth_getBlockByNumber
[2021/02/05 20:11:22.045] - eth_getBlockByNumber
[2021/02/05 20:11:22.046] - eth_getBlockByNumber
[2021/02/05 20:11:22.046] - eth_getBlockByNumber
[2021/02/05 20:11:22.047] - eth_getBlockByNumber
[2021/02/05 20:11:22.047] - eth_getBlockByNumber
[2021/02/05 20:11:22.048] - eth_getBlockByNumber
[2021/02/05 20:11:22.048] - eth_getBlockByNumber
[2021/02/05 20:11:22.049] - eth_getTransactionCount
[2021/02/05 20:11:22.049] - eth_getBalance
[2021/02/05 20:11:22.050] - eth_getTransactionCount
[2021/02/05 20:11:22.051] - eth_getBalance
[2021/02/05 20:11:22.051] - eth_getTransactionCount
[2021/02/05 20:11:22.053] - eth_getBalance
[2021/02/05 20:11:22.055] - eth_getTransactionCount
[2021/02/05 20:11:22.057] - eth_getBalance
[2021/02/05 20:11:22.059] - eth_getTransactionCount
[2021/02/05 20:11:22.108] - eth_getBlockByNumber
[2021/02/05 20:11:22.109] - eth_getBlockByNumber
[2021/02/05 20:11:22.110] - eth_getBlockByNumber
[2021/02/05 20:11:22.111] - evm_revert
[2021/02/05 20:11:22.111] - eth_getBlockByNumber
[2021/02/05 20:11:22.113] - eth_getBlockByNumber
[2021/02/05 20:11:22.115] - eth_getBlockByNumber
[2021/02/05 20:11:22.116] - eth_getBlockByNumber
[2021/02/05 20:11:22.117] - eth_getBlockByNumber
[2021/02/05 20:11:22.118] - eth_getBlockByNumber
[2021/02/05 20:11:22.121] - eth_getBlockByNumber
[2021/02/05 20:11:22.150] - eth_getBlockTransactionCountByHash
[2021/02/05 20:11:22.199] - eth_getBlockByNumber
[2021/02/05 20:11:22.232] - eth_getBlockByNumber
[2021/02/05 20:11:22.233] - eth_getBlockByNumber
[2021/02/05 20:11:22.234] - Reverting to snapshot #1
[2021/02/05 20:11:22.235] - eth_getBlockByNumber
[2021/02/05 20:11:22.236] - eth_getBlockByNumber
[2021/02/05 20:11:22.236] - eth_getBlockByNumber
[2021/02/05 20:11:22.314] - evm_snapshot
[2021/02/05 20:11:22.374] - eth_getBlockByNumber
[2021/02/05 20:11:22.389] - eth_getBlockByNumber
[2021/02/05 20:11:22.390] - eth_getBlockByNumber
[2021/02/05 20:11:22.391] - eth_getBlockByNumber
[2021/02/05 20:11:22.392] - eth_getBlockByNumber
[2021/02/05 20:11:22.394] - eth_getBlockByNumber
[2021/02/05 20:11:22.394] - Saved snapshot #1
[2021/02/05 20:11:22.395] - eth_getBlockByNumber
[2021/02/05 20:11:22.396] - eth_getBlockByNumber
[2021/02/05 20:11:22.472] - eth_getBlockByNumber
[2021/02/05 20:11:22.473] - eth_getBlockByNumber
[2021/02/05 20:11:22.474] - eth_getBlockByNumber
[2021/02/05 20:11:22.474] - eth_blockNumber
[2021/02/05 20:11:22.476] - eth_getBlockByNumber
[2021/02/05 20:11:22.536] - eth_getBlockByNumber
[2021/02/05 20:11:22.537] - eth_getBlockByNumber
[2021/02/05 20:11:22.540] - eth_getBlockByNumber
[2021/02/05 20:11:22.541] - eth_getBlockByNumber
[2021/02/05 20:11:22.551] - eth_call
[2021/02/05 20:11:22.637] - eth_blockNumber
[2021/02/05 20:11:22.679] - eth_getBlockByNumber
[2021/02/05 20:11:22.692] - eth_getBlockByNumber
[2021/02/05 20:11:22.708] - eth_call
[2021/02/05 20:11:22.775] - eth_getBlockByNumber
[2021/02/05 20:11:22.785] - eth_getBlockByNumber
[2021/02/05 20:11:22.786] - eth_call
[2021/02/05 20:11:22.788] - eth_getBlockByNumber
[2021/02/05 20:11:22.869] - eth_blockNumber
[2021/02/05 20:11:22.914] - eth_getBlockByNumber
[2021/02/05 20:11:22.926] - eth_getBlockByNumber
[2021/02/05 20:11:22.940] - eth_call
[2021/02/05 20:11:23.034] - eth_getBlockByNumber
[2021/02/05 20:11:23.051] - eth_getBlockByNumber
[2021/02/05 20:11:23.052] - eth_getBlockByNumber
[2021/02/05 20:11:23.052] - eth_getBlockByNumber
[2021/02/05 20:11:23.053] - eth_getBlockByNumber
[2021/02/05 20:11:23.054] - eth_getBlockByNumber
[2021/02/05 20:11:23.054] - eth_getBlockByNumber
[2021/02/05 20:11:23.055] - eth_getBlockByNumber
[2021/02/05 20:11:23.055] - eth_getBlockByNumber
[2021/02/05 20:11:23.056] - eth_getBlockByNumber
[2021/02/05 20:11:23.056] - eth_getBlockByNumber
[2021/02/05 20:11:23.057] - eth_getBlockByNumber
[2021/02/05 20:11:23.057] - eth_call
[2021/02/05 20:11:23.063] - eth_getBlockByNumber
[2021/02/05 20:11:23.064] - eth_getBlockByNumber
[2021/02/05 20:11:23.065] - eth_getBlockByNumber
[2021/02/05 20:11:23.067] - eth_getBlockByNumber
[2021/02/05 20:11:23.067] - eth_getBlockByNumber
[2021/02/05 20:11:23.070] - eth_getBlockByNumber
[2021/02/05 20:11:23.071] - eth_getBlockByNumber
[2021/02/05 20:11:23.072] - eth_getBlockByNumber
[2021/02/05 20:11:23.074] - eth_getBlockByNumber
[2021/02/05 20:11:23.075] - eth_getBlockByNumber
[2021/02/05 20:11:23.076] - eth_getBlockByNumber
[2021/02/05 20:11:23.150] - eth_getBlockByNumber
[2021/02/05 20:11:23.205] - eth_getBlockByNumber
[2021/02/05 20:11:23.222] - eth_sendTransaction
[2021/02/05 20:11:23.223] - eth_getBlockByNumber
[2021/02/05 20:11:23.238] - eth_getBlockByNumber
[2021/02/05 20:11:23.239] - eth_getBlockByNumber
[2021/02/05 20:11:23.240] - eth_getBlockByNumber
[2021/02/05 20:11:23.240] - eth_getBlockByNumber
[2021/02/05 20:11:23.241] - eth_getBlockByNumber
[2021/02/05 20:11:23.338] - 
[2021/02/05 20:11:23.338] -   Transaction: 0xf5a2ffcb1a81c18d51aff4e4517f8b1c8f8890b0a9702f1ffa7fa90339163b14
[2021/02/05 20:11:23.339] -   Gas usage: 51008
[2021/02/05 20:11:23.339] -   Block Number: 33
[2021/02/05 20:11:23.340] -   Block Time: Fri Feb 05 2021 20:11:23 GMT+0100 (Ora standard dell’Europa centrale)
[2021/02/05 20:11:23.340] - 
[2021/02/05 20:11:23.342] - eth_getTransactionReceipt
[2021/02/05 20:11:23.343] - eth_getBalance
[2021/02/05 20:11:23.344] - eth_getBlockByNumber
[2021/02/05 20:11:23.345] - eth_getTransactionCount
[2021/02/05 20:11:23.346] - eth_getBlockByNumber
[2021/02/05 20:11:23.347] - eth_getBalance
[2021/02/05 20:11:23.349] - eth_getBlockByNumber
[2021/02/05 20:11:23.349] - eth_getTransactionCount
[2021/02/05 20:11:23.351] - eth_getBlockByNumber
[2021/02/05 20:11:23.352] - eth_getBlockByNumber
[2021/02/05 20:11:23.354] - eth_getBalance
[2021/02/05 20:11:23.355] - eth_getTransactionCount
[2021/02/05 20:11:23.356] - eth_getBlockByNumber
[2021/02/05 20:11:23.358] - eth_getBalance
[2021/02/05 20:11:23.360] - eth_getTransactionCount
[2021/02/05 20:11:23.362] - eth_getBalance
[2021/02/05 20:11:23.365] - eth_getTransactionCount
[2021/02/05 20:11:23.366] - eth_getBalance
[2021/02/05 20:11:23.369] - eth_getTransactionCount
[2021/02/05 20:11:23.370] - eth_getBalance
[2021/02/05 20:11:23.373] - eth_getTransactionCount
[2021/02/05 20:11:23.375] - eth_getBalance
[2021/02/05 20:11:23.377] - eth_getTransactionCount
[2021/02/05 20:11:23.379] - eth_getBalance
[2021/02/05 20:11:23.381] - eth_call
[2021/02/05 20:11:23.381] - eth_getBlockByNumber
[2021/02/05 20:11:23.382] - eth_getTransactionCount
[2021/02/05 20:11:23.383] - eth_getBalance
[2021/02/05 20:11:23.385] - eth_getTransactionCount
[2021/02/05 20:11:23.396] - eth_getBlockByNumber
[2021/02/05 20:11:23.474] - eth_getBlockByNumber
[2021/02/05 20:11:23.536] - eth_getBlockByNumber
[2021/02/05 20:11:23.537] - eth_getBlockByNumber
[2021/02/05 20:11:23.538] - eth_getBlockByNumber
[2021/02/05 20:11:23.572] - eth_getBlockByNumber
[2021/02/05 20:11:23.573] - eth_getBlockByNumber
[2021/02/05 20:11:23.574] - eth_getBlockByNumber
[2021/02/05 20:11:23.578] - eth_call
[2021/02/05 20:12:20.838] - eth_unsubscribe
[2021/02/05 20:12:20.839] - eth_unsubscribe
